[    0.000000] Initializing cgroup subsys cpuset
[    0.000000] Initializing cgroup subsys cpu
[    0.000000] Initializing cgroup subsys cpuacct
[    0.000000] Linux version 4.4.0-83-generic (buildd@lgw01-29) (gcc version 5.4.0 20160609 (Ubuntu 5.4.0-6ubuntu1~16.04.4) ) #106-Ubuntu SMP Mon Jun 26 17:54:43 UTC 2017 (Ubuntu 4.4.0-83.106-generic 4.4.70)
[    0.000000] Command line: BOOT_IMAGE=/boot/vmlinuz-4.4.0-83-generic root=LABEL=cloudimg-rootfs ro console=tty1 console=ttyS0
[    0.000000] KERNEL supported cpus:
[    0.000000]   Intel GenuineIntel
[    0.000000]   AMD AuthenticAMD
[    0.000000]   Centaur CentaurHauls
[    0.000000] x86/fpu: xstate_offset[2]:  576, xstate_sizes[2]:  256
[    0.000000] x86/fpu: Supporting XSAVE feature 0x01: 'x87 floating point registers'
[    0.000000] x86/fpu: Supporting XSAVE feature 0x02: 'SSE registers'
[    0.000000] x86/fpu: Supporting XSAVE feature 0x04: 'AVX registers'
[    0.000000] x86/fpu: Enabled xstate features 0x7, context size is 832 bytes, using 'standard' format.
[    0.000000] x86/fpu: Using 'lazy' FPU context switches.
[    0.000000] e820: BIOS-provided physical RAM map:
[    0.000000] BIOS-e820: [mem 0x0000000000000000-0x000000000009fbff] usable
[    0.000000] BIOS-e820: [mem 0x000000000009fc00-0x000000000009ffff] reserved
[    0.000000] BIOS-e820: [mem 0x00000000000f0000-0x00000000000fffff] reserved
[    0.000000] BIOS-e820: [mem 0x0000000000100000-0x000000003ffeffff] usable
[    0.000000] BIOS-e820: [mem 0x000000003fff0000-0x000000003fffffff] ACPI data
[    0.000000] BIOS-e820: [mem 0x00000000fec00000-0x00000000fec00fff] reserved
[    0.000000] BIOS-e820: [mem 0x00000000fee00000-0x00000000fee00fff] reserved
[    0.000000] BIOS-e820: [mem 0x00000000fffc0000-0x00000000ffffffff] reserved
[    0.000000] NX (Execute Disable) protection: active
[    0.000000] SMBIOS 2.5 present.
[    0.000000] Hypervisor detected: KVM
[    0.000000] e820: last_pfn = 0x3fff0 max_arch_pfn = 0x400000000
[    0.000000] MTRR: Disabled
[    0.000000] x86/PAT: MTRRs disabled, skipping PAT initialization too.
[    0.000000] x86/PAT: Configuration [0-7]: WB  WT  UC- UC  WB  WT  UC- UC  
[    0.000000] CPU MTRRs all blank - virtualized system.
[    0.000000] found SMP MP-table at [mem 0x0009fff0-0x0009ffff] mapped at [ffff88000009fff0]
[    0.000000] Scanning 1 areas for low memory corruption
[    0.000000] RAMDISK: [mem 0x36ae4000-0x37569fff]
[    0.000000] ACPI: Early table checksum verification disabled
[    0.000000] ACPI: RSDP 0x00000000000E0000 000024 (v02 VBOX  )
[    0.000000] ACPI: XSDT 0x000000003FFF0030 00003C (v01 VBOX   VBOXXSDT 00000001 ASL  00000061)
[    0.000000] ACPI: FACP 0x000000003FFF00F0 0000F4 (v04 VBOX   VBOXFACP 00000001 ASL  00000061)
[    0.000000] ACPI: DSDT 0x000000003FFF0470 0021C8 (v02 VBOX   VBOXBIOS 00000002 INTL 20100528)
[    0.000000] ACPI: FACS 0x000000003FFF0200 000040
[    0.000000] ACPI: FACS 0x000000003FFF0200 000040
[    0.000000] ACPI: APIC 0x000000003FFF0240 00005C (v02 VBOX   VBOXAPIC 00000001 ASL  00000061)
[    0.000000] ACPI: SSDT 0x000000003FFF02A0 0001CC (v01 VBOX   VBOXCPUT 00000002 INTL 20100528)
[    0.000000] No NUMA configuration found
[    0.000000] Faking a node at [mem 0x0000000000000000-0x000000003ffeffff]
[    0.000000] NODE_DATA(0) allocated [mem 0x3ffeb000-0x3ffeffff]
[    0.000000] kvm-clock: Using msrs 4b564d01 and 4b564d00
[    0.000000] kvm-clock: cpu 0, msr 0:3ffe3001, primary cpu clock
[    0.000000] kvm-clock: using sched offset of 2975405566 cycles
[    0.000000] clocksource: kvm-clock: mask: 0xffffffffffffffff max_cycles: 0x1cd42e4dffb, max_idle_ns: 881590591483 ns
[    0.000000] Zone ranges:
[    0.000000]   DMA      [mem 0x0000000000001000-0x0000000000ffffff]
[    0.000000]   DMA32    [mem 0x0000000001000000-0x000000003ffeffff]
[    0.000000]   Normal   empty
[    0.000000]   Device   empty
[    0.000000] Movable zone start for each node
[    0.000000] Early memory node ranges
[    0.000000]   node   0: [mem 0x0000000000001000-0x000000000009efff]
[    0.000000]   node   0: [mem 0x0000000000100000-0x000000003ffeffff]
[    0.000000] Initmem setup node 0 [mem 0x0000000000001000-0x000000003ffeffff]
[    0.000000] ACPI: PM-Timer IO Port: 0x4008
[    0.000000] IOAPIC[0]: apic_id 2, version 32, address 0xfec00000, GSI 0-23
[    0.000000] ACPI: INT_SRC_OVR (bus 0 bus_irq 0 global_irq 2 dfl dfl)
[    0.000000] ACPI: INT_SRC_OVR (bus 0 bus_irq 9 global_irq 9 high level)
[    0.000000] Using ACPI (MADT) for SMP configuration information
[    0.000000] smpboot: Allowing 2 CPUs, 0 hotplug CPUs
[    0.000000] PM: Registered nosave memory: [mem 0x00000000-0x00000fff]
[    0.000000] PM: Registered nosave memory: [mem 0x0009f000-0x0009ffff]
[    0.000000] PM: Registered nosave memory: [mem 0x000a0000-0x000effff]
[    0.000000] PM: Registered nosave memory: [mem 0x000f0000-0x000fffff]
[    0.000000] e820: [mem 0x40000000-0xfebfffff] available for PCI devices
[    0.000000] Booting paravirtualized kernel on KVM
[    0.000000] clocksource: refined-jiffies: mask: 0xffffffff max_cycles: 0xffffffff, max_idle_ns: 7645519600211568 ns
[    0.000000] setup_percpu: NR_CPUS:512 nr_cpumask_bits:512 nr_cpu_ids:2 nr_node_ids:1
[    0.000000] PERCPU: Embedded 33 pages/cpu @ffff88003fc00000 s98264 r8192 d28712 u1048576
[    0.000000] PV qspinlock hash table entries: 256 (order: 0, 4096 bytes)
[    0.000000] Built 1 zonelists in Node order, mobility grouping on.  Total pages: 257913
[    0.000000] Policy zone: DMA32
[    0.000000] Kernel command line: BOOT_IMAGE=/boot/vmlinuz-4.4.0-83-generic root=LABEL=cloudimg-rootfs ro console=tty1 console=ttyS0
[    0.000000] PID hash table entries: 4096 (order: 3, 32768 bytes)
[    0.000000] Memory: 1001800K/1048120K available (8469K kernel code, 1294K rwdata, 3984K rodata, 1488K init, 1316K bss, 46320K reserved, 0K cma-reserved)
[    0.000000] SLUB: HWalign=64, Order=0-3, MinObjects=0, CPUs=2, Nodes=1
[    0.000000] Hierarchical RCU implementation.
[    0.000000] 	Build-time adjustment of leaf fanout to 64.
[    0.000000] 	RCU restricting CPUs from NR_CPUS=512 to nr_cpu_ids=2.
[    0.000000] RCU: Adjusting geometry for rcu_fanout_leaf=64, nr_cpu_ids=2
[    0.000000] NR_IRQS:33024 nr_irqs:440 16
[    0.000000] Console: colour VGA+ 80x25
[    0.000000] console [tty1] enabled
[    0.000000] console [ttyS0] enabled
[    0.000000] tsc: Detected 2711.998 MHz processor
[   14.738465] Calibrating delay loop (skipped) preset value.. 5423.99 BogoMIPS (lpj=10847992)
[   14.941803] pid_max: default: 32768 minimum: 301
[   15.046256] ACPI: Core revision 20150930
[   15.070809] ACPI: 2 ACPI AML tables successfully acquired and loaded
[   15.090952] Security Framework initialized
[   15.091652] Yama: becoming mindful.
[   15.092296] AppArmor: AppArmor initialized
[   15.093071] Dentry cache hash table entries: 131072 (order: 8, 1048576 bytes)
[   15.094277] Inode-cache hash table entries: 65536 (order: 7, 524288 bytes)
[   15.182205] Mount-cache hash table entries: 2048 (order: 2, 16384 bytes)
[   15.350301] Mountpoint-cache hash table entries: 2048 (order: 2, 16384 bytes)
[   15.519055] Initializing cgroup subsys io
[   15.608232] Initializing cgroup subsys memory
[   15.648946] Initializing cgroup subsys devices
[   15.755446] Initializing cgroup subsys freezer
[   15.876069] Initializing cgroup subsys net_cls
[   15.967404] Initializing cgroup subsys perf_event
[   16.089766] Initializing cgroup subsys net_prio
[   16.202527] Initializing cgroup subsys hugetlb
[   16.313312] Initializing cgroup subsys pids
[   16.410197] CPU: Physical Processor ID: 0
[   16.510011] CPU: Processor Core ID: 0
[   16.593210] mce: CPU supports 0 MCE banks
[   16.692878] Last level iTLB entries: 4KB 64, 2MB 8, 4MB 8
[   16.733125] Last level dTLB entries: 4KB 64, 2MB 0, 4MB 0, 1GB 4
[   16.789047] Freeing SMP alternatives memory: 32K (ffffffff820b9000 - ffffffff820c1000)
[   17.016991] ftrace: allocating 32129 entries in 126 pages
[   17.173269] smpboot: APIC(0) Converting physical 0 to logical package 0
[   17.344624] smpboot: Max logical packages: 1
[   17.452689] x2apic enabled
[   17.530067] Switched APIC routing to physical x2apic.
[   17.654856] ..TIMER: vector=0x30 apic1=0 pin1=2 apic2=-1 pin2=-1
[   17.901850] smpboot: CPU0: Intel(R) Core(TM) i7-6820HQ CPU @ 2.70GHz (family: 0x6, model: 0x5e, stepping: 0x3)
[   18.163859] Performance Events: unsupported p6 CPU model 94 no PMU driver, software events only.
[   18.368352] KVM setup paravirtual spinlock
[   18.482560] x86: Booting SMP configuration:
[   18.598664] .... node  #0, CPUs:      #1
[   18.701848] kvm-clock: cpu 1, msr 0:3ffe3041, secondary cpu clock
[   18.793259] mce: CPU supports 0 MCE banks
[   18.844001] x86: Booted up 1 node, 2 CPUs
[   18.876957] smpboot: Total of 2 processors activated (10847.99 BogoMIPS)
[   18.975137] devtmpfs: initialized
[   19.056651] evm: security.selinux
[   19.146771] evm: security.SMACK64
[   19.225227] evm: security.SMACK64EXEC
[   19.319136] evm: security.SMACK64TRANSMUTE
[   19.408224] evm: security.SMACK64MMAP
[   19.502758] evm: security.ima
[   19.570087] evm: security.capability
[   19.670342] clocksource: jiffies: mask: 0xffffffff max_cycles: 0xffffffff, max_idle_ns: 7645041785100000 ns
[   19.918919] futex hash table entries: 512 (order: 3, 32768 bytes)
[   19.969038] pinctrl core: initialized pinctrl subsystem
[   20.050083] RTC time: 23:22:23, date: 07/06/17
[   20.163269] NET: Registered protocol family 16
[   20.283821] cpuidle: using governor ladder
[   20.403088] cpuidle: using governor menu
[   20.498058] PCCT header not found.
[   20.576867] ACPI: bus type PCI registered
[   20.664943] acpiphp: ACPI Hot Plug PCI Controller Driver version: 0.5
[   20.830584] PCI: Using configuration type 1 for base access
[   20.968938] ACPI: Added _OSI(Module Device)
[   21.043989] ACPI: Added _OSI(Processor Device)
[   21.092787] ACPI: Added _OSI(3.0 _SCP Extensions)
[   21.093612] ACPI: Added _OSI(Processor Aggregator Device)
[   21.095128] ACPI: Executed 1 blocks of module-level executable AML code
[   21.097882] ACPI: Interpreter enabled
[   21.174721] ACPI: (supports S0 S5)
[   21.266787] ACPI: Using IOAPIC for interrupt routing
[   21.378313] PCI: Using host bridge windows from ACPI; if necessary, use "pci=nocrs" and report a bug
[   21.612896] ACPI: PCI Root Bridge [PCI0] (domain 0000 [bus 00-ff])
[   21.759622] acpi PNP0A03:00: _OSC: OS supports [ASPM ClockPM Segments MSI]
[   21.935153] acpi PNP0A03:00: _OSC failed (AE_NOT_FOUND); disabling ASPM
[   22.101992] acpi PNP0A03:00: fail to add MMCONFIG information, can't access extended PCI configuration space under this bridge.
[   22.276894] PCI host bridge to bus 0000:00
[   22.378177] pci_bus 0000:00: root bus resource [io  0x0000-0x0cf7 window]
[   22.558836] pci_bus 0000:00: root bus resource [io  0x0d00-0xffff window]
[   22.742823] pci_bus 0000:00: root bus resource [mem 0x000a0000-0x000bffff window]
[   22.941638] pci_bus 0000:00: root bus resource [mem 0x40000000-0xffdfffff window]
[   23.140837] pci_bus 0000:00: root bus resource [bus 00-ff]
[   23.243115] pci 0000:00:01.1: legacy IDE quirk: reg 0x10: [io  0x01f0-0x01f7]
[   23.359297] pci 0000:00:01.1: legacy IDE quirk: reg 0x14: [io  0x03f6]
[   23.491379] pci 0000:00:01.1: legacy IDE quirk: reg 0x18: [io  0x0170-0x0177]
[   23.651467] pci 0000:00:01.1: legacy IDE quirk: reg 0x1c: [io  0x0376]
[   23.808477] pci 0000:00:07.0: quirk: [io  0x4000-0x403f] claimed by PIIX4 ACPI
[   24.000484] pci 0000:00:07.0: quirk: [io  0x4100-0x410f] claimed by PIIX4 SMB
[   24.179715] ACPI: PCI Interrupt Link [LNKA] (IRQs 5 9 10 *11)
[   24.321843] ACPI: PCI Interrupt Link [LNKB] (IRQs 5 9 10 *11)
[   24.369925] ACPI: PCI Interrupt Link [LNKC] (IRQs 5 9 *10 11)
[   24.492323] ACPI: PCI Interrupt Link [LNKD] (IRQs 5 *9 10 11)
[   24.618853] ACPI: Enabled 2 GPEs in block 00 to 07
[   24.726674] vgaarb: setting as boot device: PCI:0000:00:02.0
[   24.845613] vgaarb: device added: PCI:0000:00:02.0,decodes=io+mem,owns=io+mem,locks=none
[   24.954347] vgaarb: loaded
[   24.975401] vgaarb: bridge control possible 0000:00:02.0
[   25.063819] SCSI subsystem initialized
[   25.136919] ACPI: bus type USB registered
[   25.243009] usbcore: registered new interface driver usbfs
[   25.319646] usbcore: registered new interface driver hub
[   25.414763] usbcore: registered new device driver usb
[   25.436977] PCI: Using ACPI for IRQ routing
[   25.490704] NetLabel: Initializing
[   25.573599] NetLabel:  domain hash size = 128
[   25.671031] NetLabel:  protocols = UNLABELED CIPSOv4
[   25.783434] NetLabel:  unlabeled traffic allowed by default
[   25.917380] amd_nb: Cannot enumerate AMD northbridges
[   26.052541] clocksource: Switched to clocksource kvm-clock
[   26.197953] AppArmor: AppArmor Filesystem Enabled
[   26.342460] pnp: PnP ACPI init
[   26.438575] pnp: PnP ACPI: found 3 devices
[   26.546475] clocksource: acpi_pm: mask: 0xffffff max_cycles: 0xffffff, max_idle_ns: 2085701024 ns
[   26.803054] NET: Registered protocol family 2
[   26.874036] TCP established hash table entries: 8192 (order: 4, 65536 bytes)
[   27.063431] TCP bind hash table entries: 8192 (order: 5, 131072 bytes)
[   27.262691] TCP: Hash tables configured (established 8192 bind 8192)
[   27.424718] UDP hash table entries: 512 (order: 2, 16384 bytes)
[   27.584054] UDP-Lite hash table entries: 512 (order: 2, 16384 bytes)
[   27.756063] NET: Registered protocol family 1
[   27.800824] pci 0000:00:00.0: Limiting direct PCI/PCI transfers
[   27.885799] pci 0000:00:01.0: Activating ISA DMA hang workarounds
[   28.038795] Unpacking initramfs...
[   29.710572] Freeing initrd memory: 10776K (ffff880036ae4000 - ffff88003756a000)
[   29.887969] platform rtc_cmos: registered platform RTC device (no PNP device found)
[   30.101446] Scanning for low memory corruption every 60 seconds
[   30.266176] audit: initializing netlink subsys (disabled)
[   30.411229] audit: type=2000 audit(1499383332.166:1): initialized
[   30.562970] Initialise system trusted keyring
[   30.678615] HugeTLB registered 2 MB page size, pre-allocated 0 pages
[   30.836107] zbud: loaded
[   30.870382] VFS: Disk quotas dquot_6.6.0
[   30.969671] tsc: Refined TSC clocksource calibration: 2712.078 MHz
[   31.163518] clocksource: tsc: mask: 0xffffffffffffffff max_cycles: 0x2717d00eda8, max_idle_ns: 440795232420 ns
ÿ[   31.163548] VFS: Dquot-cache hash table entries: 512 (order 0, 4096 bytes)
[   31.163753] squashfs: version 4.0 (2009/01/31) Phillip Lougher
[   31.163943] fuse init (API version 7.23)
[   31.164031] Key type big_key registered
[   31.164045] Allocating IMA MOK and blacklist keyrings.
[   31.164198] Key type asymmetric registered
[   31.164200] Asymmetric key parser 'x509' registered
[   31.164226] Block layer SCSI generic (bsg) driver version 0.4 loaded (major 249)
[   31.164247] io scheduler noop registered
[   31.164249] io scheduler deadline registered (default)
[   31.164270] io scheduler cfq registered
[   31.164352] pci_hotplug: PCI Hot Plug PCI Core version: 0.5
[   31.164357] pciehp: PCI Express Hot Plug Controller Driver version: 0.4
[   31.164643] ACPI: AC Adapter [AC] (on-line)
[   31.164683] input: Power Button as /devices/LNXSYSTM:00/LNXPWRBN:00/input/input0
[   31.164686] ACPI: Power Button [PWRF]
[   31.164741] input: Sleep Button as /devices/LNXSYSTM:00/LNXSLPBN:00/input/input1
[   31.164743] ACPI: Sleep Button [SLPF]
[   31.164848] GHES: HEST is not enabled!
[   31.165663] ACPI: Battery Slot [BAT0] (battery present)
[   31.165698] Serial: 8250/16550 driver, 32 ports, IRQ sharing enabled
[   31.457496] 00:02: ttyS0 at I/O 0x3f8 (irq = 4, base_baud = 115200) is a 16550A
[   31.659377] Linux agpgart interface v0.103
[   31.878820] loop: module loaded
[   31.879238] scsi host0: ata_piix
[   31.879278] scsi host1: ata_piix
[   31.879301] ata1: PATA max UDMA/33 cmd 0x1f0 ctl 0x3f6 bmdma 0xd000 irq 14
[   31.879302] ata2: PATA max UDMA/33 cmd 0x170 ctl 0x376 bmdma 0xd008 irq 15
[   31.879358] libphy: Fixed MDIO Bus: probed
[   31.879360] tun: Universal TUN/TAP device driver, 1.6
[   31.879360] tun: (C) 1999-2004 Max Krasnyansky <maxk@qualcomm.com>
[   31.879614] PPP generic driver version 2.4.2
[   31.879657] ehci_hcd: USB 2.0 'Enhanced' Host Controller (EHCI) Driver
[   31.879660] ehci-pci: EHCI PCI platform driver
[   31.879671] ehci-platform: EHCI generic platform driver
[   31.879677] ohci_hcd: USB 1.1 'Open' Host Controller (OHCI) Driver
[   31.879680] ohci-pci: OHCI PCI platform driver
[   31.879686] ohci-platform: OHCI generic platform driver
[   31.879691] uhci_hcd: USB Universal Host Controller Interface driver
[   31.879736] i8042: PNP: PS/2 Controller [PNP0303:PS2K,PNP0f03:PS2M] at 0x60,0x64 irq 1,12
[   31.949167] serio: i8042 KBD port at 0x60,0x64 irq 1
[   31.949174] serio: i8042 AUX port at 0x60,0x64 irq 12
[   31.949334] mousedev: PS/2 mouse device common for all mice
[   31.949666] rtc_cmos rtc_cmos: rtc core: registered rtc_cmos as rtc0
[   31.949717] rtc_cmos rtc_cmos: alarms up to one day, 114 bytes nvram
[   31.949723] i2c /dev entries driver
[   31.949778] device-mapper: uevent: version 1.0.3
[   31.949828] device-mapper: ioctl: 4.34.0-ioctl (2015-10-28) initialised: dm-devel@redhat.com
[   31.949848] ledtrig-cpu: registered to indicate activity on CPUs
[   31.950211] NET: Registered protocol family 10
[   31.950412] NET: Registered protocol family 17
[   31.950436] Key type dns_resolver registered
[   31.953321] microcode: CPU0 sig=0x506e3, pf=0x2, revision=0x0
[   31.953336] microcode: CPU1 sig=0x506e3, pf=0x2, revision=0x0
[   31.953394] microcode: Microcode Update Driver: v2.01 <tigran@aivazian.fsnet.co.uk>, Peter Oruba
[   31.953535] registered taskstats version 1
[   31.953547] Loading compiled-in X.509 certificates
[   31.954155] Loaded X.509 cert 'Build time autogenerated kernel key: 35105354eb779045e4d9ad793dead39d5ee93f76'
[   31.954187] zswap: loaded using pool lzo/zbud
[   31.955573] Key type trusted registered
[   31.957922] Key type encrypted registered
[   31.957926] AppArmor: AppArmor sha1 policy hashing enabled
[   31.957929] ima: No TPM chip found, activating TPM-bypass!
[   31.957958] evm: HMAC attrs: 0x1
[   31.958171]   Magic number: 9:719:402
[   32.069248] rtc_cmos rtc_cmos: setting system clock to 2017-07-06 23:22:34 UTC (1499383354)
[   32.069368] BIOS EDD facility v0.16 2004-Jun-25, 0 devices found
[   32.069369] EDD information not available.
[   32.705247] input: AT Translated Set 2 keyboard as /devices/platform/i8042/serio0/input/input2
[   38.537040] Freeing unused kernel memory: 1488K (ffffffff81f45000 - ffffffff820b9000)
[   38.630471] Write protecting the kernel read-only data: 14336k
[   38.773427] Freeing unused kernel memory: 1760K (ffff880001848000 - ffff880001a00000)
[   39.037919] Freeing unused kernel memory: 112K (ffff880001de4000 - ffff880001e00000)
Loading, please [   39.211783] random: systemd-udevd: uninitialized urandom read (16 bytes read, 7 bits of entropy available)
wait...
startin[   39.212336] random: udevadm: uninitialized urandom read (16 bytes read, 7 bits of entropy available)
g version 229
[   39.212369] random: udevadm: uninitialized urandom read (16 bytes read, 7 bits of entropy available)
[   39.212473] random: udevadm: uninitialized urandom read (16 bytes read, 7 bits of entropy available)
[   39.212510] random: udevadm: uninitialized urandom read (16 bytes read, 7 bits of entropy available)
[   39.212544] random: udevadm: uninitialized urandom read (16 bytes read, 7 bits of entropy available)
[   39.212617] random: udevadm: uninitialized urandom read (16 bytes read, 7 bits of entropy available)
[   39.212651] random: udevadm: uninitialized urandom read (16 bytes read, 7 bits of entropy available)
[   39.212682] random: udevadm: uninitialized urandom read (16 bytes read, 7 bits of entropy available)
[   39.212713] random: udevadm: uninitialized urandom read (16 bytes read, 7 bits of entropy available)
[   40.726534] e1000: Intel(R) PRO/1000 Network Driver - version 7.3.21-k8-NAPI
[   40.824986] e1000: Copyright (c) 1999-2006 Intel Corporation.
[   40.827724] Fusion MPT base driver 3.04.20
[   40.917962] Copyright (c) 1999-2008 LSI Corporation
[   41.013273] Fusion MPT SPI Host driver 3.04.20
[   41.143751] AVX version of gcm_enc/dec engaged.
[   41.318067] AES CTR mode by8 optimization enabled
[   41.446245] input: ImExPS/2 Generic Explorer Mouse as /devices/platform/i8042/serio1/input/input4
[   41.653011] e1000 0000:00:03.0 eth0: (PCI:33MHz:32-bit) 02:50:9e:45:53:0d
[   41.653014] e1000 0000:00:03.0 eth0: Intel(R) PRO/1000 Network Connection
[   41.823191] e1000 0000:00:03.0 enp0s3: renamed from eth0
[   41.823265] mptbase: ioc0: Initiating bringup
[   41.885019] ioc0: LSI53C1030 A0: Capabilities={Initiator}
[   42.088863] scsi host2: ioc0: LSI53C1030 A0, FwRev=00000000h, Ports=1, MaxQ=256, IRQ=20
[   42.265548] scsi 2:0:0:0: Direct-Access     VBOX     HARDDISK         1.0  PQ: 0 ANSI: 5
[   42.383083] scsi target2:0:0: Beginning Domain Validation
[   42.456106] scsi target2:0:0: Domain Validation skipping write tests
[   42.566951] scsi target2:0:0: Ending Domain Validation
[   42.588243] scsi target2:0:0: asynchronous
[   42.618247] scsi 2:0:1:0: Direct-Access     VBOX     HARDDISK         1.0  PQ: 0 ANSI: 5
[   42.770181] scsi target2:0:1: Beginning Domain Validation
[   42.813644] scsi target2:0:1: Domain Validation skipping write tests
[   42.872371] scsi target2:0:1: Ending Domain Validation
[   42.873877] scsi target2:0:1: asynchronous
[   42.904904] sd 2:0:0:0: [sda] 20971520 512-byte logical blocks: (10.7 GB/10.0 GiB)
[   42.913343] sd 2:0:0:0: Attached scsi generic sg0 type 0
[   42.916967] sd 2:0:0:0: [sda] Write Protect is off
[   42.917121] sd 2:0:0:0: [sda] Incomplete mode parameter data
[   42.917123] sd 2:0:0:0: [sda] Assuming drive cache: write through
[   42.931173]  sda: sda1
[   42.931987] sd 2:0:0:0: [sda] Attached SCSI disk
[   42.947838] sd 2:0:1:0: Attached scsi generic sg1 type 0
[   42.947975] sd 2:0:1:0: [sdb] 20480 512-byte logical blocks: (10.5 MB/10.0 MiB)
[   42.948133] sd 2:0:1:0: [sdb] Write Protect is off
[   42.948260] sd 2:0:1:0: [sdb] Incomplete mode parameter data
[   42.948262] sd 2:0:1:0: [sdb] Assuming drive cache: write through
[   42.950194] sd 2:0:1:0: [sdb] Attached SCSI disk
[   44.323166] floppy0: no floppy controllers found
Begin: Loading e[   45.767986] md: linear personality registered for level -1
ssential drivers[   45.907807] md: multipath personality registered for level -4
 ... [   46.096204] md: raid0 personality registered for level 0
[   46.217494] md: raid1 personality registered for level 1
[   46.328711] raid6: sse2x1   gen()  8851 MB/s
[   46.504762] raid6: sse2x1   xor()  5699 MB/s
[   46.688697] raid6: sse2x2   gen() 10465 MB/s
[   46.848726] raid6: sse2x2   xor()  7274 MB/s
[   47.020697] raid6: sse2x4   gen() 11049 MB/s
[   47.184567] raid6: sse2x4   xor()  6932 MB/s
[   47.235687] raid6: using algorithm sse2x4 gen() 11049 MB/s
[   47.317478] raid6: .... xor() 6932 MB/s, rmw enabled
[   47.379043] raid6: using ssse3x2 recovery algorithm
[   47.485960] xor: automatically using best checksumming function:
[   47.689896]    avx       : 28629.000 MB/sec
[   47.834206] async_tx: api initialized (async)
[   47.939953] md: raid6 personality registered for level 6
[   48.059064] md: raid5 personality registered for level 5
[   48.176061] md: raid4 personality registered for level 4
[   48.281662] md: raid10 personality registered for level 10
done.
Begin: Running /scripts/init-p[   48.425752] Btrfs loaded
remount ... done.
Begin: Mounting root file system ... Begin: Running /scripts/local-top ... done.
Begin: Running /scripts/local-premount ... Scanning for Btrfs filesystems
done.
Warning: fsck no[   48.466703] EXT4-fs (sda1): mounted filesystem with ordered data mode. Opts: (null)
t present, so skipping root file system
done.
Begin: Running /scripts/local-bottom ... done.
Begin: Running /scripts/init-bottom ... done.
[   48.692511] systemd[1]: systemd 229 running in system mode. (+PAM +AUDIT +SELINUX +IMA +APPARMOR +SMACK +SYSVINIT +UTMP +LIBCRYPTSETUP +GCRYPT +GNUTLS +ACL +XZ -LZ4 +SECCOMP +BLKID +ELFUTILS +KMOD -IDN)
[   49.305846] systemd[1]: Detected virtualization oracle.
[   49.449803] systemd[1]: Detected architecture x86-64.

Welcome to [1mUbuntu 16.04.2 LTS[0m!

[   49.540908] systemd[1]: Set hostname to <ubuntu>.
[   49.650726] systemd[1]: Initializing machine ID from random generator.
[   49.853341] systemd[1]: Installed transient /etc/machine-id file.
[   50.172037] random: nonblocking pool is initialized
[   50.314968] systemd[1]: Reached target Encrypted Volumes.
[[0;32m  OK  [0m] Reached target Encrypted Volumes.
[   50.529389] systemd[1]: Started Forward Password Requests to Wall Directory Watch.
[[0;32m  OK  [0m] Started Forward Password Requests to Wall Directory Watch.
[   50.629186] systemd[1]: Listening on LVM2 metadata daemon socket.
[[0;32m  OK  [0m] Listening on LVM2 metadata daemon socket.
[   50.965427] systemd[1]: Created slice User and Session Slice.
[[0;32m  OK  [0m] Created slice User and Session Slice.
[   51.217090] systemd[1]: Raached target User and Group Name Lookups.
[[0;32m  OK  [0m] Reached target User and Group Name Lookups.
[   51.514303] systemd[1]: Listening on Journal Socket.
[[0;32m  OK  [0m] Listening on Journal Socket.
[   51.680487] systemd[1]: Listening on Journal Audit Socket.
[[0;32m  OK  [0m] Listening on Journal Audit Socket.
[   51.720858] systemd[1]: Listening on /dev/initctl Compatibility Named Pipe.
[[0;32m  OK  [0m] Listening on /dev/initctl Compatibility Named Pipe.
[   51.773288] systemd[1]: Listening on LVM2 poll daemon socket.
[[0;32m  OK  [0m] Listening on LVM2 poll daemon socket.
[   52.037416] systemd[1]: Listening on udev Control Socket.
[[0;32m  OK  [0m] Listening on udev Control Socket.
[   52.281078] systemd[1]: Set up automount Arbitrary Executable File Formats File System Automount Point.
[[0;32m  OK  [0m] Set up automount Arbitrary Executab...ats File System Automount Point.
[   52.704909] systemd[1]: Listening on Device-mapper event daemon FIFOs.
[[0;32m  OK  [0m] Listening on Device-mapper event daemon FIFOs.
[   52.787582] systemd[1]: Listening on udev Kernel Socket.
[[0;32m  OK  [0m] Listening on udev Kernel Socket.
[   52.821688] systemd[1]: Listening on Syslog Socket.
[[0;32m  OK  [0m] Listening on Syslog Socket.
[   53.068775] systemd[1]: Reached target Swap.
[[0;32m  OK  [0m] Reached target Swap.
[   53.249471] systemd[1]: Listening on Journal Socket (/dev/log).
[[0;32m  OK  [0m] Listening on Journal Socket (/dev/log).
[   53.505145] systemd[1]: Created slice System Slice.
[[0;32m  OK  [0m] Created slice System Slice.
[   53.705038] systemd[1]: Starting Journal Service...
         Starting Journal Service...
[   53.876072] systemd[1]: Starting Monitoring of LVM2 mirrors, snapshots etc. using dmeventd or progress polling...
         Starting Monitoring of LVM2 mirrors... dmeventd or progress polling...
[   53.919351] systemd[1]: Starting Uncomplicated firewall...
         Starting Uncomplicated firewall...
[   54.189470] systemd[1]: Created slice system-serial\x2dgetty.slice.
[[0;32m  OK  [0m] Created slice system-serial\x2dgetty.slice.
[   54.421473] systemd[1]: Mounting Debug File System...
         Mounting Debug File System...
[   54.665031] systemd[1]: Starting Nameserver information manager...
         Starting Nameserver information manager...
[   54.968797] systemd[1]: Starting Load Kernel Modules...
         [   54.982834] Loading iSCSI transport class v2.0-870.
Starting Load Kernel Modules...[   55.131391] iscsi: registered transport (tcp)

[   55.222221] systemd[1]: Starting Set console keymap...
         Starting Set console ke[   55.309465] iscsi: registered transport (iser)
ymap...
[   55.396971] systemd[1]: Mounting POSIX Message Queue File System...
         Mounting POSIX Message Queue File System...
[   55.677466] systemd[1]: Mounting Huge Pages File System...
         Mounting Huge Pages File System...
[   55.769084] systemd[1]: Starting Create list of required static device nodes for the current kernel...
         Starting Create list of required st... nodes for the current kernel...
[   56.067645] systemd[1]: Reached target Slices.
[[0;32m  OK  [0m] Reached target Slices.
[   56.152883] systemd[1]: Started Trigger resolvconf update for networkd DNS.
[[0;32m  OK  [0m] Started Trigger resolvconf update for networkd DNS.
[   56.488947] systemd[1]: Starting Remount Root and Kernel File Systems...
[   56.491929] EXT4-fs (sda1): re-mounted. Opts: (null)
         Starting Remount Root and Kernel File Systems...
[   57.125389] systemd[1]: Mounted Debug File System.
[[0;32m  OK  [0m] Mounted Debug File System.
[   57.144791] systemd[1]: Mounted POSIX Message Queue File System.
[[0;32m  OK  [0m] Mounted POSIX Message Queue File System.
[   57.164322] systemd[1]: Mounted Huge Pages File System.
[[0;32m  OK  [0m] Mounted Huge Pages File System.
[   57.209626] systemd[1]: Started Journal Service.
[[0;32m  OK  [0m] Started Journal Service.
[[0;32m  OK  [0m] Started Uncomplicated firewall.
[[0;32m  OK  [0m] Started Load Kernel Modules.
[[0;32m  OK  [0m] Started Set console keymap.
[[0;32m  OK  [0m] Started Create list of required sta...ce nodes for the current kernel.
[[0;32m  OK  [0m] Started Remount Root and Kernel File Systems.
[[0;32m  OK  [0m] Started Nameserver information manager.
[[0;32m  OK  [0m] Started LVM2 metadata daemon.
         Starting Initial cloud-init job (pre-networking)...
         Starting udev Coldplug all Devices...
         Starting Load/Save Random Seed...
         Starting Create Static Device Nodes in /dev...
         Starting Apply Kernel Variables...
         Mounting FUSE Control File System...
         Starting Flush Journal to Persistent Storage...
[[0;32m  OK  [0m] Mounted FUSE Control File System.
[[0;32m  OK  [0m] Started Monitoring of LVM2 mirrors,...ng dmeventd or progress polling.
[[0;32m  OK  [0m] Started Load/Save Random Seed.
[[0;32m  OK  [0m] Started Create Static Device Nodes in /dev.
[[0;32m  OK  [0m] Started Apply Kernel Variables.
[[0;32m  OK  [0m] Started udev Coldplug all Devices.
[[0;32m  OK  [0m] Started Flush Journal to Persistent Storage.
         Starting udev Kernel Device Manager...
[[0;32m  OK  [0m] Started udev Kernel Device Manager.
[[0;32m  OK  [0m] Reached target Local File Systems (Pre).
[[0;32m  OK  [0m] Reached target Local File Systems.
[   33.224828] cloud-init[437]: Cloud-init v. 0.7.9 running 'init-local' at Thu, 06 Jul 2017 23:23:00 +0000. Up 32.99 seconds.
         Starting LSB: AppArmor initialization...
         Starting Commit a transient machine-id on disk...
         Starting Create Volatile Files and Directories...
         Starting Set console font and keymap...
         Starting Tell Plymouth To Write Out Runtime Data...
[[0;32m  OK  [0m] Started Dispatch Password Requests to Console Directory Watch.
[[0;32m  OK  [0m] Started Commit a transient machine-id on disk.
[[0;32m  OK  [0m] Started Create Volatile Files and Directories.
[[0;32m  OK  [0m] Started Tell Plymouth To Write Out Runtime Data.
[[0;32m  OK  [0m] Started Initial cloud-init job (pre-networking).
[[0;32m  OK  [0m] Started Set console font and keymap.
[[0;32m  OK  [0m] Found device /dev/ttyS0.
[[0;32m  OK  [0m] Listening on Load/Save RF Kill Switch Status /dev/rfkill Watch.
[[0;32m  OK  [0m] Created slice system-getty.slice.
[[0;32m  OK  [0m] Reached target Network (Pre).
[[0;32m  OK  [0m] Reached target System Time Synchronized.
         Starting Update UTMP about System Boot/Shutdown...
[[0;32m  OK  [0m] Started LSB: AppArmor initialization.
[[0;32m  OK  [0m] Started Update UTMP about System Boot/Shutdown.
[[0;32m  OK  [0m] Started ifup for enp0s3.
         Starting Raise network interfaces...
[[0;32m  OK  [0m] Started Raise network interfaces.
[[0;32m  OK  [0m] Reached target Network.
         Starting Initial cloud-init job (metadata service crawler)...
[   37.062484] cloud-init[943]: Cloud-init v. 0.7.9 running 'init' at Thu, 06 Jul 2017 23:23:04 +0000. Up 36.65 seconds.
[   37.181068] [cloud-init[0;32m  OK  [0m[943]: ] ci-info: +++++++++++++++++++++++++++++++++++++Net device info++++++++++++++++++++++++++++++++++++++Started Initial cloud-init job (metadata service crawler).

[   37.181783] cloud-init[943]: ci-info: +--------+------+----------------------------+---------------+-------+-------------------+
[   37.433098] [cloud-init[0;32m  OK  [0m[943]: ] ci-info: | Device |  Up  |          Address           |      Mask     | Scope |     Hw-Address    |Reached target Network is Online.

[   37.434016] cloud-init[943]: ci-info: +--------+------+----------------------------+---------------+-------+-------------------+
[   37.713090]          cloud-initStarting iSCSI initiator daemon (iscsid)...[943]: 
ci-info: |   lo   | True |         127.0.0.1          |   255.0.0.0   |   .   |         .         |
[   37.880926] [cloud-init[0;32m  OK  [0m[943]: ] ci-info: |   lo   | True |          ::1/128           |       .       |  host |         .         |Reached target Cloud-config availability.

[[0;32m  OK  [0m] Reached target System Initialization.
[   37.881696] cloud-init[943]: ci-info: | enp0s3 | True |         10.0.2.15          | 255.255.255.0 |   .   | 02:50:9e:45:53:0d |
[   38.248736] [cloud-init[0;32m  OK  [0m[943]: ] ci-info: | enp0s3 | True | fe80::50:9eff:fe45:530d/64 |       .       |  link | 02:50:9e:45:53:0d |Started ACPI Events Check.

[   38.249244] [cloud-init[0;32m  OK  [0m[943]: ] ci-info: +--------+------+----------------------------+---------------+-------+-------------------+Reached target Paths.

[   38.393035]          cloud-initStarting Socket activation for snappy daemon.[943]: 
ci-info: +++++++++++++++++++++++++++Route IPv4 info++++++++++++++++++++++++++++
[   38.629024] [cloud-init[0;32m  OK  [0m[943]: ] ci-info: +-------+-------------+----------+---------------+-----------+-------+Started Daily apt activities.

[[0;32m  OK  [0m] Listening on ACPID Listen Socket.
[[0;32m  OK  [0m] Started Timer to automatically refresh installed snaps.
[   38.629619] cloud-init[943]: ci-info: | Route | Destination | Gateway  |    Genmask    | Interface | Flags |
[   39.001198] [cloud-init[0;32m  OK  [0m[943]: ] ci-info: +-------+-------------+----------+---------------+-----------+-------+Listening on D-Bus System Message Bus Socket.

[   39.173018] [cloud-init[0;32m  OK  [0m[943]: ] ci-info: |   0   |   0.0.0.0   | 10.0.2.2 |    0.0.0.0    |   enp0s3  |   UG  |Started Daily Cleanup of Temporary Directories.

[   39.337031] [cloud-init[0;32m  OK  [0m[943]: ] ci-info: |   1   |   10.0.2.0  | 0.0.0.0  | 255.255.255.0 |   enp0s3  |   U   |Reached target Timers.

[   39.337554] [cloud-init[0;32m  OK  [0m[943]: ] ci-info: +-------+-------------+----------+---------------+-----------+-------+Listening on UUID daemon activation socket.

[   39.469333]          Starting LXD - unix socket.
cloud-init[943]: Generating public/private rsa key pair.
[   39.537819] [cloud-init[0;32m  OK  [0m[943]: ] Your identification has been saved in /etc/ssh/ssh_host_rsa_key.Listening on Socket activation for snappy daemon.

[[0;32m  OK  [0m] Listening on LXD - unix socket.
[   39.538318] cloud-init[943]: Your public key has been saved in /etc/ssh/ssh_host_rsa_key.pub.
[   39.660294] [cloud-init[0;32m  OK  [0m[943]: ] The key fingerprint is:Started iSCSI initiator daemon (iscsid).

[   39.660851] cloud-init[943]: SHA256:bHlNecmAz2Th9lJqG422MBPKhUlhhNP8+wPsUDKalwY root@ubuntu-xenial
[   39.776288]          cloud-initStarting Login to default iSCSI targets...[943]: 
The key's randomart image is:
[   39.787398] [[0;32m  OK  [0m] Reached target Sockets.
[[0;32m  OK  [0m] Reached target Basic System.
cloud-init[943]: +---[RSA 2048]----+
[   39.804457]          cloud-initStarting LSB: MD monitoring daemon...[943]: 
|       ==. .o.   |
[   39.860313]          cloud-initStarting Login Service...[943]: 
|      oooo..o+ . |
[   39.887409]          cloud-initStarting Pollinate to seed the pseudo random number generator...[943]: 
|       .o.o== =  |
[   39.946631]          cloud-initStarting /etc/rc.local Compatibility...[943]: 
|      Eoo+o=oB   |
[   40.004471]          cloud-initStarting LSB: Record successful boot for GRUB...[943]: 
|       +S*=.O o  |
[   40.055008] [cloud-init[0;32m  OK  [0m[943]: ] |      o.=.+* =   |Started FUSE filesystem for LXC.

[   40.055650] cloud-init[943]: |       o o oo    |
[   40.136289]          cloud-initStarting Accounts Service...[943]: 
|          . o    |
[   40.164298] [cloud-init[0;32m  OK  [0m[943]: ] |             .   |Started D-Bus System Message Bus.

[   40.164968] cloud-init[943]: +----[SHA256]-----+
[   40.240303] cloud-init[943]: Generating public/private dsa key pair.
[[0;32m  OK  [0m] Started Unattended Upgrades Shutdown.
[   40.240755] cloud-init[943]: Your identification has been saved in /etc/ssh/ssh_host_dsa_key.
[   40.348266]          cloud-initStarting Apply the settings specified in cloud-config...[943]: 
Your public key has been saved in /etc/ssh/ssh_host_dsa_key.pub.
[   40.440423]          cloud-initStarting System Logging Service...[943]: 
The key fingerprint is:
[   40.512818] cloud-init[943]: [SHA256:P6p8r+Fca0ByloZr4675novwS7HMCzHo+2RelAHcwng root@ubuntu-xenial[0;32m  OK  [0m
] Started ACPI event daemon.
[   40.513281] cloud-init[943]: The key's randomart image is:
         Starting LXD - container startup/shutdown...
[   40.643217] cloud-init[943]: +---[DSA 1024]----+
[[0;32m  OK  [0m] Started Deferred execution scheduler.
[   40.730792] cloud-init[943]: |  +..            |
[   40.816588] cloud-init[943]: | . E..           |
[[0;32m  OK  [0m] Started Regular background program processing daemon.
[   40.878984] cloud-init[943]: |  . .. . .       |
[[0;32m  OK  [0m] Started Snappy daemon.
[   41.017922] cloud-init[943]: | .    = *        |
[   41.088075] cloud-init[943]: |. o .o BS        |
[   41.088544] cloud-init[943]: |.  =.o+ ..       |
         Starting Auto import assertions from block devices...
[   41.088729] cloud-init[943]: | .oo=+ ...+      |
[   41.174124] cloud-init[943]: |  ==.=.+.+.o     |
[   41.174381] cloud-init[943]: | ..oB*O+=+o      |
[[0;32m  OK  [0m] Started System Logging Service.
[   41.174575] cloud-init[943]: +----[SHA256]-----+
[   41.271606] cloud-init[943]: Generating public/private ecdsa key pair.
[   41.271975] cloud-init[943]: Your identification has been saved in /etc/ssh/ssh_host_ecdsa_key.
[[0;32m  OK  [0m] Started Pollinate to seed the pseudo random number generator.
[   41.272153] cloud-init[943]: Your public key has been saved in /etc/ssh/ssh_host_ecdsa_key.pub.
[   41.440369] cloud-init[943]: The key fingerprint is:
[   41.440948] cloud-init[943]: SHA256:cBHYt0MDccV89JLX1MRLgoshrCKdCDJTasDWpK10IqI root@ubuntu-xenial
[[0;32m  OK  [0m] Started /etc/rc.local Compatibility.
[   41.441231] cloud-init[943]: The key's randomart image is:
[   41.616584] cloud-init[943]: +---[ECDSA 256]---+
[   41.617186] cloud-init[943]: |o.+.  .o=+.+o..o+|
[[0;32m  OK  [0m] Started LXD - container startup/shutdown.
[   41.617446] cloud-init[943]: |*+o.  .o.++.o..=+|
[   41.760373] cloud-init[943]: |BBoo. o oooo..= =|
[   41.760715] cloud-init[943]: |*o++ . o .o.   + |
[[0;32m  OK  [0m] Started Auto import assertions from block devices.
[   41.760891] cloud-init[943]: |E.. .   S  .     |
[   41.844278] cloud-init[943]: |                 |
[   41.844650] cloud-init[943]: |                 |
[[0;32m  OK  [0m] Started LSB: MD monitoring daemon.
[   41.844782] cloud-init[943]: |                 |
[[   41.964866] cloud-init[943]: |                 |
[   41.965409] cloud-init[943]: +----[SHA256]-----+
[0;32m  OK  [0m] Started LSB: Record successful boot for GRUB.
[   41.965558] cloud-init[943]: Generating public/private ed25519 key pair.
[[   42.044366] cloud-init[943]: Your identification has been saved in /etc/ssh/ssh_host_ed25519_key.
[   42.045030] cloud-init[943]: Your public key has been saved in /etc/ssh/ssh_host_ed25519_key.pub.
[0;32m  OK  [0m] Started Login to default iSCSI targets.
[   42.045342] cloud-init[943]: The key fingerprint is:
[   42.196761] cloud-init[943]: SHA256:Sf4O0swY2a6E0sObuZOXf0RlJMLM+CFSjNXRgQ4eduE root@ubuntu-xenial
[   42.248473] cloud-init[943]: The key's randomart image is:
[   42.276767] [cloud-init[0;32m  OK  [0m[943]: ] +--[ED25519 256]--+Started Login Service.

[   42.277304] cloud-init[943]: |     =o*+=oo.    |
[   42.348355]          cloud-initStarting Authenticate and Authorize Users to Run Privileged Tasks...[943]: 
|    o B.O...o    |
[   42.424442] [cloud-init[0;32m  OK  [0m[943]: ] |     + BE. o     |Reached target Remote File Systems (Pre).

[   42.424890] [[0;32m  OK  [0m] Reached target Remote File Systems.
cloud-init[943]: |      .=o..      |
[   42.441755] cloud-init[943]: |      o S.       |
[   42.442855] cloud-init[943]: |   o . B ..      |
[   42.443942] cloud-init[943]: |  . =.+.*..      |
[   42.452559] cloud-init[943]: |   .o*oo o.      |
[   42.492404]          cloud-initStarting LSB: daemon to balance interrupts for SMP systems...[943]: 
|    =+.....      |
[   42.528621]          cloud-initStarting Permit User Sessions...[943]: 
+----[SHA256]-----+
         Starting LSB: VirtualBox Linux Additions...
[   42.598100] cloud-init[1110]: Generating locales (this might take a while)...
[   42.660528] cloud-init[1110]:   en_US.UTF-8... done
         Starting LSB: Set the CPU Frequency Scaling governor to "ondemand"...
[   42.660927] cloud-init[1110]: Generation complete.
         Starting LSB: automatic crash report generation...
         Starting OpenBSD Secure Shell server...
[[0;32m  OK  [0m] Started OpenBSD Secure Shell server.
[[0;32m  OK  [0m] Started Permit User Sessions.
[[0;32m  OK  [0m] Started Authenticate and Authorize Users to Run Privileged Tasks.
[[0;32m  OK  [0m] Started Accounts Service.
         Stopping OpenBSD Secure Shell server...
         Starting Terminate Plymouth Boot Screen...
         Starting Hold until boot process finishes up...
[[0;32m  OK  [0m] Started LSB: daemon to balance interrupts for SMP systems.
[[0;32m  OK  [0m] Started LSB: VirtualBox Linux Additions.
[[0;32m  OK  [0m] Started LSB: Set the CPU Frequency Scaling governor to "ondemand".
[[0;32m  OK  [0m] Started LSB: automatic crash report generation.
[[0;32m  OK  [0m] Stopped OpenBSD Secure Shell server.
[[0;32m  OK  [0m] Started Terminate Plymouth Boot Screen.
[[0;32m  OK  [0m] Started Hold until boot process finishes up.
         Starting Set console scheme...
[[0;32m  OK  [0m] Started Serial Getty on ttyS0.
[[0;32m  OK  [0m] Started Getty on tty1.
[[0;32m  OK  [0m] Reached target Login Prompts.
         Starting OpenBSD Secure Shell server...
[[0;32m  OK  [0m] Started OpenBSD Secure Shell server.
[[0;32m  OK  [0m] Started Set console scheme.
[[0;32m  OK  [0m] Reached target Multi-User System.
[[0;32m  OK  [0m] Reached target Graphical Interface.
         Starting Update UTMP about System Runlevel Changes...
[[0;32m  OK  [0m] Started Update UTMP about System Runlevel Changes.
[   43.648823] cloud-init[1110]: Cloud-init v. 0.7.9 running 'modules:config' at Thu, 06 Jul 2017 23:23:08 +0000. Up 40.57 seconds.
[[0;32m  OK  [0m] Created slice User Slice of ubuntu.
[[0;32m  OK  [0m] Started Apply the settings specified in cloud-config.
[[0;32m  OK  [0m] Started Session 1 of user ubuntu.
         Starting User Manager for UID 1000...
         Starting Execute cloud user/final scripts...
[[0;32m  OK  [0m] Started User Manager for UID 1000.
ci-info: no authorized ssh keys fingerprints found for user ubuntu.
<14>Jul  6 23:23:12 ec2: 
<14>Jul  6 23:23:12 ec2: #############################################################
<14>Jul  6 23:23:12 ec2: -----BEGIN SSH HOST KEY FINGERPRINTS-----
<14>Jul  6 23:23:12 ec2: 1024 SHA256:P6p8r+Fca0ByloZr4675novwS7HMCzHo+2RelAHcwng root@ubuntu-xenial (DSA)
<14>Jul  6 23:23:12 ec2: 256 SHA256:cBHYt0MDccV89JLX1MRLgoshrCKdCDJTasDWpK10IqI root@ubuntu-xenial (ECDSA)
<14>Jul  6 23:23:12 ec2: 256 SHA256:Sf4O0swY2a6E0sObuZOXf0RlJMLM+CFSjNXRgQ4eduE root@ubuntu-xenial (ED25519)
<14>Jul  6 23:23:12 ec2: 2048 SHA256:bHlNecmAz2Th9lJqG422MBPKhUlhhNP8+wPsUDKalwY root@ubuntu-xenial (RSA)
<14>Jul  6 23:23:12 ec2: -----END SSH HOST KEY FINGERPRINTS-----
<14>Jul  6 23:23:12 ec2: #############################################################
-----BEGIN SSH HOST KEY KEYS-----
ecdsa-sha2-nistp256 AAAAE2VjZHNhLXNoYTItbmlzdHAyNTYAAAAIbmlzdHAyNTYAAABBBANZQA3HqcMYV707U8/A5NPTtKIhvPMSu2ZL2YnSF5m1Mt7dhZ8FjwSWo/622peTg4jSlg3dmW4hVtwc4Fyvy+Y= root@ubuntu-xenial
ssh-ed25519 AAAAC3NzaC1lZDI1NTE5AAAAICva3+vQcwiE2tuQVyxsuEyHNIYAgl26NDGlwkjYmAtJ root@ubuntu-xenial
ssh-rsa AAAAB3NzaC1yc2EAAAADAQABAAABAQDmt8S+gU5xm9BPIiwol8VKHxIdLLaAU9tLcj7EZ1tR0g78RAAg82+Hzx4fW0rLrX9TM6BVCLXYLEmVXHeNgXMhnApKpVXbDpVDM5p+LeB48igchnm0fOuQ+DI7Yir2j3vhcN4cqQ57njRnL9aPjNjOK8zP7/MjtmIV/BIG0F/PCMRIsMH36FecqhCtSr2EKxVDfNPtays8SaAsCz2KWd7OO9LqMBtTgdABXrVLckmmRdxi0S6bD2zwtSjzZLbfKCKf2vyyuAuSL6LyCqbPL/yEM3U2NwcJ+9NQJoA0MMuhjS1rnnxb0uBwD8bdP0GBh4oZjBShuyTX2UtAuq6oUsuZ root@ubuntu-xenial
-----END SSH HOST KEY KEYS-----
[   45.240942] cloud-init[1320]: Cloud-init v. 0.7.9 running 'modules:final' at Thu, 06 Jul 2017 23:23:12 +0000. Up 44.30 seconds.
[   45.318221] cloud-init[1320]: ci-info: no authorized ssh keys fingerprints found for user ubuntu.
[   45.318506] cloud-init[1320]: Cloud-init v. 0.7.9 finished at Thu, 06 Jul 2017 23:23:13 +0000. Datasource DataSourceNoCloud [seed=/dev/sdb][dsmode=net].  Up 45.23 seconds
[[0;32m  OK  [0m] Started Execute cloud user/final scripts.
[[0;32m  OK  [0m] Started Session 2 of user ubuntu.
[[0;32m  OK  [0m] Reached target Cloud-init target.

Ubuntu 16.04.2 LTS ubuntu-xenial ttyS0

ubuntu-xenial login: [  691.486558] e1000 0000:00:03.0 enp0s3: Detected Tx Unit Hang
[  691.486558]   Tx Queue             <0>
[  691.486558]   TDH                  <c>
[  691.486558]   TDT                  <e>
[  691.486558]   next_to_use          <e>
[  691.486558]   next_to_clean        <c>
[  691.486558] buffer_info[next_to_clean]
[  691.486558]   time_stamp           <1000164bb>
[  691.486558]   next_to_watch        <d>
[  691.486558]   jiffies              <1000165e1>
[  691.486558]   next_to_watch.status <0>
[  693.489556] e1000 0000:00:03.0 enp0s3: Detected Tx Unit Hang
[  693.489556]   Tx Queue             <0>
[  693.489556]   TDH                  <c>
[  693.489556]   TDT                  <e>
[  693.489556]   next_to_use          <e>
[  693.489556]   next_to_clean        <c>
[  693.489556] buffer_info[next_to_clean]
[  693.489556]   time_stamp           <1000164bb>
[  693.489556]   next_to_watch        <d>
[  693.489556]   jiffies              <1000167d6>
[  693.489556]   next_to_watch.status <0>
[  695.491763] e1000 0000:00:03.0 enp0s3: Detected Tx Unit Hang
[  695.491763]   Tx Queue             <0>
[  695.491763]   TDH                  <c>
[  695.491763]   TDT                  <e>
[  695.491763]   next_to_use          <e>
[  695.491763]   next_to_clean        <c>
[  695.491763] buffer_info[next_to_clean]
[  695.491763]   time_stamp           <1000164bb>
[  695.491763]   next_to_watch        <d>
[  695.491763]   jiffies              <1000169cb>
[  695.491763]   next_to_watch.status <0>
[  695.849484] e1000 0000:00:03.0 enp0s3: Reset adapter
